<?xml version="1.0" encoding="UTF-8"?>
<testng-results ignored="0" total="1" passed="1" failed="0" skipped="0">
  <reporter-output>
  </reporter-output>
  <suite started-at="2025-08-05T16:12:16 EDT" name="TestNgSuite" finished-at="2025-08-05T16:12:43 EDT" duration-ms="27293">
    <groups>
    </groups>
    <test started-at="2025-08-05T16:12:16 EDT" name="Test1" finished-at="2025-08-05T16:12:43 EDT" duration-ms="27293">
      <class name="ca.bc.gov.educ.ccof.selenium.TestCases.LoginTest">
        <test-method is-config="true" signature="setup()[pri:0, instance:ca.bc.gov.educ.ccof.selenium.TestCases.LoginTest@5c671d7f]" started-at="2025-08-05T16:12:16 EDT" name="setup" finished-at="2025-08-05T16:12:16 EDT" duration-ms="448" status="PASS">
          <reporter-output>
          </reporter-output>
        </test-method> <!-- setup -->
        <test-method is-config="true" signature="initDriver()[pri:0, instance:ca.bc.gov.educ.ccof.selenium.TestCases.LoginTest@5c671d7f]" started-at="2025-08-05T16:12:16 EDT" name="initDriver" finished-at="2025-08-05T16:12:21 EDT" duration-ms="5202" status="PASS">
          <reporter-output>
          </reporter-output>
        </test-method> <!-- initDriver -->
        <test-method signature="loginToCRM()[pri:0, instance:ca.bc.gov.educ.ccof.selenium.TestCases.LoginTest@5c671d7f]" started-at="2025-08-05T16:12:21 EDT" name="loginToCRM" finished-at="2025-08-05T16:12:42 EDT" duration-ms="20435" status="PASS">
          <reporter-output>
          </reporter-output>
        </test-method> <!-- loginToCRM -->
        <test-method is-config="true" signature="getResult(org.testng.ITestResult)[pri:0, instance:ca.bc.gov.educ.ccof.selenium.TestCases.LoginTest@5c671d7f]" started-at="2025-08-05T16:12:42 EDT" name="getResult" finished-at="2025-08-05T16:12:42 EDT" duration-ms="10" status="PASS">
          <params>
            <param index="0">
              <value>
                <![CDATA[[TestResult name=loginToCRM status=SUCCESS method=LoginTest.loginToCRM()[pri:0, instance:ca.bc.gov.educ.ccof.selenium.TestCases.LoginTest@5c671d7f] output={null}]]]>
              </value>
            </param>
          </params>
          <reporter-output>
          </reporter-output>
        </test-method> <!-- getResult -->
        <test-method is-config="true" signature="tearDown()[pri:0, instance:ca.bc.gov.educ.ccof.selenium.TestCases.LoginTest@5c671d7f]" started-at="2025-08-05T16:12:42 EDT" name="tearDown" finished-at="2025-08-05T16:12:43 EDT" duration-ms="1537" status="PASS">
          <reporter-output>
          </reporter-output>
        </test-method> <!-- tearDown -->
      </class> <!-- ca.bc.gov.educ.ccof.selenium.TestCases.LoginTest -->
    </test> <!-- Test1 -->
  </suite> <!-- TestNgSuite -->
</testng-results>
