{
  "stats": {
    "suites": 1,
    "tests": 1,
    "passes": 0,
    "pending": 0,
    "failures": 1,
    "start": "2025-08-14T20:58:23.046Z",
    "end": "2025-08-14T20:58:23.268Z",
    "duration": 222,
    "testsRegistered": 1,
    "passPercent": 0,
    "pendingPercent": 0,
    "other": 0,
    "hasOther": false,
    "skipped": 0,
    "hasSkipped": false
  },
  "results": [
    {
      "uuid": "e51ec5c1-2fd6-48a8-9046-d09b5f812701",
      "title": "",
      "fullFile": "cypress\\e2e\\2-group-application\\group-application-org-info.cy.js",
      "file": "cypress\\e2e\\2-group-application\\group-application-org-info.cy.js",
      "beforeHooks": [],
      "afterHooks": [],
      "tests": [],
      "suites": [
        {
          "uuid": "0e3291be-3bc0-48ab-80bb-cbce1002fcec",
          "title": "Group Application",
          "fullFile": "",
          "file": "",
          "beforeHooks": [],
          "afterHooks": [],
          "tests": [
            {
              "title": "should navigate and verify pages after login",
              "fullTitle": "Group Application should navigate and verify pages after login",
              "timedOut": null,
              "duration": 189,
              "state": "failed",
              "speed": null,
              "pass": false,
              "fail": true,
              "pending": false,
              "context": null,
              "code": "cy.contains('button', 'Start Application').click();\ncy.contains('p', 'Welcome to Child Care Operating Funding (CCOF)').should('exist');\ncy.get('#start-application').should('be.visible').click();\ncy.contains('p', 'Welcome to Child Care Operating Funding (CCOF)').should('exist');\ncy.contains('div.v-card-title', 'Group Provider').should('exist');\ncy.contains('button', 'Start Application').click();\n// Verify the org info page\ncy.get('.v-card-title > h3').should('contain', 'Organization Information');\ncy.get('#input-46').click();\ncy.get('#input-55').clear().type('Automation Test Organisation');\ncy.get('#input-58').clear().type('BC654321');\ncy.get('#checkbox-61').click();\ncy.get('#input-90').clear().type('506 John Street');\ncy.get('#input-67').clear().type('Vancouver');\ncy.get('.mdi-menu-down').first().click();\ncy.get('.v-overlay-container .v-list-item').contains('BC').click();\ncy.get('#input-72').clear().type('V5C6N5');\ncy.get('#input-77').click();\ncy.get('#input-80').clear().type('Tester');\ncy.get('#input-82').clear().type('QA');\ncy.get('#input-84').clear().type('6470000000');\ncy.get('#input-88').clear().type('ofmqa01@gmail.com');\ncy.get('.justify-space-around > :nth-child(3) > .v-btn__content').click();\ncy.get('.justify-space-around > :nth-child(2) > .v-btn__content').click();\n// Verify Facility Information page title\ncy.get('.v-card-title > h3').should('be.visible').and('have.text', 'Facility Information');\n//Fill the Facility Information form\n// Fill the Facility Name field\ncy.get('#input-195').clear().type('My Test Facility');\ncy.get('#input-197').clear().type('2018');\ncy.get('#input-202').check({\n  force: true\n});\n// Verify the text field is auto-filled with expected value\ncy.get(':nth-child(2) > :nth-child(1) > .v-col').should('be.visible').invoke('text').should('not.be.empty');\ncy.get('.v-card > :nth-child(3) > :nth-child(2) > :nth-child(2) > :nth-child(2) > :nth-child(1)').should('be.visible').invoke('text').should('not.be.empty');\ncy.get(':nth-child(3) > :nth-child(2) > :nth-child(2) > :nth-child(2) > :nth-child(2)').should('be.visible').invoke('text').should('not.be.empty');\ncy.get(':nth-child(3) > :nth-child(2) > :nth-child(2) > :nth-child(2) > :nth-child(3)').should('be.visible').invoke('text').should('not.be.empty');\ncy.get('#input-207').check({\n  force: true\n});\n// Verify the text field is auto-filled with expected value\ncy.get(':nth-child(3) > :nth-child(3) > .v-container > :nth-child(2) > :nth-child(1)').should('be.visible').invoke('text').should('not.be.empty');\ncy.get(':nth-child(3) > :nth-child(3) > .v-container > :nth-child(2) > :nth-child(2)').should('be.visible').invoke('text').should('not.be.empty');\ncy.get(':nth-child(3) > .v-container > :nth-child(3) > :nth-child(1)').should('be.visible').invoke('text').should('not.be.empty');\ncy.get(':nth-child(3) > .v-container > :nth-child(3) > :nth-child(2)').should('be.visible').invoke('text').should('not.be.empty');\ncy.get('#input-210').clear().type('FC#123456');\ncy.get('#licence-effective-date').clear().type('2019-01-01');\ncy.get('.mdi-menu-down').first().click();\ncy.get('.v-overlay-container .v-list-item').contains('Fraser Health').click();\ncy.get('#input-220').check({\n  force: true\n});\ncy.get('.justify-space-around > :nth-child(3) > .v-btn__content').click();\ncy.get('.justify-space-around > :nth-child(2) > .v-btn__content').click();",
              "err": {
                "message": "CypressError: `cy.visit()` failed trying to load:\n\n/login\n\nWe failed looking for this file at the path:\n\n/Users/neha.singla/EDUC-CCOF/test/Cypressautomation/login\n\nThe internal Cypress web server responded with:\n\n  > 404: Not Found\n\nBecause this error occurred during a `before each` hook we are skipping the remaining tests in the current suite: `Group Application`",
                "estack": "CypressError: `cy.visit()` failed trying to load:\n\n/login\n\nWe failed looking for this file at the path:\n\n/Users/neha.singla/EDUC-CCOF/test/Cypressautomation/login\n\nThe internal Cypress web server responded with:\n\n  > 404: Not Found\n\nBecause this error occurred during a `before each` hook we are skipping the remaining tests in the current suite: `Group Application`\n    at <unknown> (http://localhost:63280/__cypress/runner/cypress_runner.js:135043:76)\n    at visitFailedByErr (http://localhost:63280/__cypress/runner/cypress_runner.js:134449:12)\n    at <unknown> (http://localhost:63280/__cypress/runner/cypress_runner.js:135026:13)\n    at tryCatcher (http://localhost:63280/__cypress/runner/cypress_runner.js:1777:23)\n    at Promise._settlePromiseFromHandler (http://localhost:63280/__cypress/runner/cypress_runner.js:1489:31)\n    at Promise._settlePromise (http://localhost:63280/__cypress/runner/cypress_runner.js:1546:18)\n    at Promise._settlePromise0 (http://localhost:63280/__cypress/runner/cypress_runner.js:1591:10)\n    at Promise._settlePromises (http://localhost:63280/__cypress/runner/cypress_runner.js:1667:18)\n    at _drainQueueStep (http://localhost:63280/__cypress/runner/cypress_runner.js:2377:12)\n    at _drainQueue (http://localhost:63280/__cypress/runner/cypress_runner.js:2370:9)\n    at Async._drainQueues (http://localhost:63280/__cypress/runner/cypress_runner.js:2386:5)\n    at Async.drainQueues (http://localhost:63280/__cypress/runner/cypress_runner.js:2256:14)\nFrom Your Spec Code:\n    at LoginPage.visitLoginPage (webpack://cypressautomation/./cypress/support/pages/LoginPage.js:3:7)\n    at Context.eval (webpack://cypressautomation/./cypress/e2e/2-group-application/group-application-org-info.cy.js:7:14)",
                "diff": null
              },
              "uuid": "9b50fe6a-7d6f-4538-95e1-affd8803374d",
              "parentUUID": "0e3291be-3bc0-48ab-80bb-cbce1002fcec",
              "isHook": false,
              "skipped": false
            }
          ],
          "suites": [],
          "passes": [],
          "failures": [
            "9b50fe6a-7d6f-4538-95e1-affd8803374d"
          ],
          "pending": [],
          "skipped": [],
          "duration": 189,
          "root": false,
          "rootEmpty": false,
          "_timeout": 2000
        }
      ],
      "passes": [],
      "failures": [],
      "pending": [],
      "skipped": [],
      "duration": 0,
      "root": true,
      "rootEmpty": true,
      "_timeout": 2000
    }
  ],
  "meta": {
    "mocha": {
      "version": "7.2.0"
    },
    "mochawesome": {
      "options": {
        "quiet": false,
        "reportFilename": "mochawesome",
        "saveHtml": true,
        "saveJson": true,
        "consoleReporter": "spec",
        "useInlineDiffs": false,
        "code": true
      },
      "version": "7.1.3"
    },
    "marge": {
      "options": {
        "reportDir": "cypress/reports",
        "overwrite": true,
        "charts": true,
        "html": true,
        "json": true
      },
      "version": "6.2.0"
    }
  }
}