<?xml version="1.0" encoding="UTF-8"?>
<testng-results ignored="1" total="3" passed="2" failed="0" skipped="0">
  <reporter-output>
  </reporter-output>
  <suite started-at="2025-09-10T22:11:40 EDT" name="TestNgSuite" finished-at="2025-09-10T22:13:19 EDT" duration-ms="99205">
    <groups>
    </groups>
    <test started-at="2025-09-10T22:11:40 EDT" name="Test1" finished-at="2025-09-10T22:13:19 EDT" duration-ms="99205">
      <class name="ca.bc.gov.educ.ccof.selenium.TestCases.ValidLogin">
        <test-method is-config="true" signature="setup()[pri:0, instance:ca.bc.gov.educ.ccof.selenium.TestCases.ValidLogin@54e22bdd]" started-at="2025-09-10T22:11:40 EDT" name="setup" finished-at="2025-09-10T22:11:40 EDT" duration-ms="134" status="PASS">
          <reporter-output>
          </reporter-output>
        </test-method> <!-- setup -->
        <test-method is-config="true" signature="initDriver()[pri:0, instance:ca.bc.gov.educ.ccof.selenium.TestCases.ValidLogin@54e22bdd]" started-at="2025-09-10T22:11:40 EDT" name="initDriver" finished-at="2025-09-10T22:11:44 EDT" duration-ms="3858" status="PASS">
          <reporter-output>
          </reporter-output>
        </test-method> <!-- initDriver -->
        <test-method signature="loginToCRM(java.lang.reflect.Method)[pri:1, instance:ca.bc.gov.educ.ccof.selenium.TestCases.ValidLogin@54e22bdd]" started-at="2025-09-10T22:11:44 EDT" name="loginToCRM" finished-at="2025-09-10T22:12:03 EDT" duration-ms="19139" status="PASS">
          <params>
            <param index="0">
              <value>
                <![CDATA[public void ca.bc.gov.educ.ccof.selenium.TestCases.ValidLogin.loginToCRM(java.lang.reflect.Method) throws java.lang.InterruptedException]]>
              </value>
            </param>
          </params>
          <reporter-output>
          </reporter-output>
        </test-method> <!-- loginToCRM -->
        <test-method is-config="true" signature="tearDown()[pri:0, instance:ca.bc.gov.educ.ccof.selenium.TestCases.ValidLogin@54e22bdd]" started-at="2025-09-10T22:12:03 EDT" name="tearDown" finished-at="2025-09-10T22:12:03 EDT" duration-ms="192" status="PASS">
          <reporter-output>
          </reporter-output>
        </test-method> <!-- tearDown -->
      </class> <!-- ca.bc.gov.educ.ccof.selenium.TestCases.ValidLogin -->
      <class name="ca.bc.gov.educ.ccof.selenium.TestCases.DeleteApplication">
        <test-method is-config="true" signature="initDriver()[pri:0, instance:ca.bc.gov.educ.ccof.selenium.TestCases.DeleteApplication@54a67a45]" started-at="2025-09-10T22:12:03 EDT" name="initDriver" finished-at="2025-09-10T22:12:06 EDT" duration-ms="3173" status="PASS">
          <reporter-output>
          </reporter-output>
        </test-method> <!-- initDriver -->
        <test-method signature="Deleteapplication(java.lang.reflect.Method)[pri:1, instance:ca.bc.gov.educ.ccof.selenium.TestCases.DeleteApplication@54a67a45]" started-at="2025-09-10T22:12:06 EDT" name="Deleteapplication" finished-at="2025-09-10T22:13:19 EDT" duration-ms="72599" status="PASS">
          <params>
            <param index="0">
              <value>
                <![CDATA[public void ca.bc.gov.educ.ccof.selenium.TestCases.DeleteApplication.Deleteapplication(java.lang.reflect.Method) throws java.lang.Throwable]]>
              </value>
            </param>
          </params>
          <reporter-output>
          </reporter-output>
        </test-method> <!-- Deleteapplication -->
        <test-method is-config="true" signature="tearDown()[pri:0, instance:ca.bc.gov.educ.ccof.selenium.TestCases.DeleteApplication@54a67a45]" started-at="2025-09-10T22:13:19 EDT" name="tearDown" finished-at="2025-09-10T22:13:19 EDT" duration-ms="211" status="PASS">
          <reporter-output>
          </reporter-output>
        </test-method> <!-- tearDown -->
      </class> <!-- ca.bc.gov.educ.ccof.selenium.TestCases.DeleteApplication -->
    </test> <!-- Test1 -->
  </suite> <!-- TestNgSuite -->
</testng-results>
