<?xml version="1.0" encoding="UTF-8"?>
<robot generator="Robot 7.2.2 (Python 3.13.2 on win32)" generated="2025-05-26T01:35:25.541731" rpa="false" schemaversion="5">
<suite id="s1" name="Tests" source="C:\Users\neha.singla\PycharmProjects\PythonProject\tests">
<suite id="s1-s1" name="Login" source="C:\Users\neha.singla\PycharmProjects\PythonProject\tests\login">
<suite id="s1-s1-s1" name="Login Test" source="C:\Users\neha.singla\PycharmProjects\PythonProject\tests\login\login_test.robot">
<kw name="Open Browser To Login Page" type="SETUP">
<kw name="Open Browser" owner="SeleniumLibrary">
<msg time="2025-05-26T01:35:25.790638" level="INFO">Opening browser 'chrome' to base url 'https://qa.mychildcareservices.gov.bc.ca/login'.</msg>
<arg>${LOGIN_URL}</arg>
<arg>${BROWSER}</arg>
<doc>Opens a new browser instance to the optional ``url``.</doc>
<status status="PASS" start="2025-05-26T01:35:25.790461" elapsed="3.523391"/>
</kw>
<kw name="Maximize Browser Window" owner="SeleniumLibrary">
<doc>Maximizes current browser window.</doc>
<status status="PASS" start="2025-05-26T01:35:29.314022" elapsed="0.025523"/>
</kw>
<kw name="Wait Until Page Contains Element" owner="SeleniumLibrary">
<arg>${LOGIN_BUTTON}</arg>
<arg>10s</arg>
<doc>Waits until the element ``locator`` appears on the current page.</doc>
<status status="PASS" start="2025-05-26T01:35:29.339679" elapsed="0.010661"/>
</kw>
<status status="PASS" start="2025-05-26T01:35:25.789970" elapsed="3.560616"/>
</kw>
<test id="s1-s1-s1-t1" name="Login With Credentials After Redirect" line="18">
<kw name="Click Login Button">
<kw name="Click Element" owner="SeleniumLibrary">
<msg time="2025-05-26T01:35:29.352627" level="INFO">Clicking element 'xpath=//a[contains(@href,'/api/auth/login')]'.</msg>
<arg>${LOGIN_BUTTON}</arg>
<doc>Click the element identified by ``locator``.</doc>
<status status="PASS" start="2025-05-26T01:35:29.352240" elapsed="1.698809"/>
</kw>
<kw name="Sleep" owner="BuiltIn">
<msg time="2025-05-26T01:36:01.052265" level="INFO">Slept 30 seconds.</msg>
<arg>30</arg>
<doc>Pauses the test executed for the given time.</doc>
<status status="PASS" start="2025-05-26T01:35:31.051247" elapsed="30.001107"/>
</kw>
<kw name="Log" owner="BuiltIn">
<msg time="2025-05-26T01:36:01.052559" level="INFO">Waited 30 seconds after clicking login</msg>
<arg>Waited 30 seconds after clicking login</arg>
<doc>Logs the given message with the given level.</doc>
<status status="PASS" start="2025-05-26T01:36:01.052470" elapsed="0.000113"/>
</kw>
<status status="PASS" start="2025-05-26T01:35:29.351543" elapsed="31.701082"/>
</kw>
<kw name="Wait Until Page Contains Element" owner="SeleniumLibrary">
<arg>${EXPECTED_TITLE}</arg>
<arg>10s</arg>
<doc>Waits until the element ``locator`` appears on the current page.</doc>
<status status="PASS" start="2025-05-26T01:36:01.053267" elapsed="0.008858"/>
</kw>
<kw name="Wait Until Element Is Visible" owner="SeleniumLibrary">
<arg>${USERNAME_FIELD}</arg>
<arg>10s</arg>
<doc>Waits until the element ``locator`` is visible.</doc>
<status status="PASS" start="2025-05-26T01:36:01.062515" elapsed="0.014182"/>
</kw>
<kw name="Input Text" owner="SeleniumLibrary">
<msg time="2025-05-26T01:36:01.077098" level="INFO">Typing text 'OFMQA218' into text field 'xpath=//input[@id='user']'.</msg>
<arg>${USERNAME_FIELD}</arg>
<arg>${USER_ID}</arg>
<doc>Types the given ``text`` into the text field identified by ``locator``.</doc>
<status status="PASS" start="2025-05-26T01:36:01.076921" elapsed="0.045792"/>
</kw>
<kw name="Sleep" owner="BuiltIn">
<msg time="2025-05-26T01:36:04.123907" level="INFO">Slept 3 seconds.</msg>
<arg>3s</arg>
<doc>Pauses the test executed for the given time.</doc>
<status status="PASS" start="2025-05-26T01:36:01.123048" elapsed="3.000948"/>
</kw>
<kw name="Input Password" owner="SeleniumLibrary">
<msg time="2025-05-26T01:36:04.124780" level="INFO">Typing password into text field 'xpath=//input[@id='password']'.</msg>
<msg time="2025-05-26T01:36:04.144112" level="INFO">Temporally setting log level to: NONE</msg>
<arg>${PASSWORD_FIELD}</arg>
<arg>${PASSWORD}</arg>
<doc>Types the given password into the text field identified by ``locator``.</doc>
<status status="PASS" start="2025-05-26T01:36:04.124602" elapsed="0.062679"/>
</kw>
<kw name="Sleep" owner="BuiltIn">
<msg time="2025-05-26T01:36:07.188053" level="INFO">Slept 3 seconds.</msg>
<arg>3s</arg>
<doc>Pauses the test executed for the given time.</doc>
<status status="PASS" start="2025-05-26T01:36:04.187567" elapsed="3.000575"/>
</kw>
<kw name="Click Button" owner="SeleniumLibrary">
<msg time="2025-05-26T01:36:07.189057" level="INFO">Clicking button 'xpath=//input[@value='Continue']'.</msg>
<arg>${CONTINUE_BUTTON}</arg>
<doc>Clicks the button identified by ``locator``.</doc>
<status status="PASS" start="2025-05-26T01:36:07.188774" elapsed="2.536474"/>
</kw>
<kw name="Sleep" owner="BuiltIn">
<msg time="2025-05-26T01:36:12.726828" level="INFO">Slept 3 seconds.</msg>
<arg>3s</arg>
<doc>Pauses the test executed for the given time.</doc>
<status status="PASS" start="2025-05-26T01:36:09.726079" elapsed="3.000833"/>
</kw>
<kw name="Log" owner="BuiltIn">
<msg time="2025-05-26T01:36:12.727364" level="INFO">Login credentials submitted</msg>
<arg>Login credentials submitted</arg>
<doc>Logs the given message with the given level.</doc>
<status status="PASS" start="2025-05-26T01:36:12.727269" elapsed="0.000121"/>
</kw>
<status status="PASS" start="2025-05-26T01:35:29.350788" elapsed="43.376840"/>
</test>
<kw name="Close Browser" owner="SeleniumLibrary" type="TEARDOWN">
<doc>Closes the current browser.</doc>
<status status="PASS" start="2025-05-26T01:36:12.728455" elapsed="2.366310"/>
</kw>
<status status="PASS" start="2025-05-26T01:35:25.567920" elapsed="49.526918"/>
</suite>
<status status="PASS" start="2025-05-26T01:35:25.566888" elapsed="49.529125"/>
</suite>
<status status="PASS" start="2025-05-26T01:35:25.544089" elapsed="49.552227"/>
</suite>
<statistics>
<total>
<stat pass="1" fail="0" skip="0">All Tests</stat>
</total>
<tag>
</tag>
<suite>
<stat name="Tests" id="s1" pass="1" fail="0" skip="0">Tests</stat>
<stat name="Login" id="s1-s1" pass="1" fail="0" skip="0">Tests.Login</stat>
<stat name="Login Test" id="s1-s1-s1" pass="1" fail="0" skip="0">Tests.Login.Login Test</stat>
</suite>
</statistics>
<errors>
</errors>
</robot>
